[server] Stream Intelligence API running on http://localhost:3000
[server] MPP payments enabled — recipient: 0xfaad4f22fc6259646c8925203a04020e5458da6d
[server] Connecting to Twitch firehose...
[firehose] Connecting to wss://logs.spanix.team/firehose?jsonBasic=true...
[moments] Auto-capture enabled — storing moments on spike detection
[firehose] Connected!
[moments] #1 captured: h2p_gucio +132% (awkward)
[moments] #2 captured: fanum +41% (win)
[moments] #3 captured: sennyk4 +80% (neutral)
[moments] #4 captured: nothuman8 +44% (funny)
[moments] #5 captured: hcjustin +45% (funny)
[moments] #6 captured: timit +400% (neutral)
[moments] #7 captured: realkatieb +88% (awkward)
[moments] #8 captured: marco_scm +61% (awkward)
[moments] #9 captured: lollolacustre +111% (awkward)
[moments] #10 captured: andreadel1988 +97% (neutral)
[moments] #11 captured: zackrawrr +133% (funny) [CLIP-WORTHY]
[moments] #12 captured: nexe_ +52% (win)
[moments] #13 captured: bozevstheworld +46% (funny)
[moments] #14 captured: evgeshabh +258% (neutral)
[moments] #15 captured: krikun +258% (neutral)
[moments] #16 captured: xqc +68% (hype)
[moments] #17 captured: khalgalere +150% (neutral)
[moments] #18 captured: zawa_prod +438% (neutral)
[moments] #19 captured: juansguarnizo +47% (awkward)
[moments] #20 captured: farodgames +244% (loss)
[moments] #21 captured: leva2k +84% (neutral)
[moments] #22 captured: pumpkinpotion +80% (funny)
[moments] #23 captured: henrytran +62% (neutral)
[moments] #24 captured: elajjaz +43% (funny)
[moments] #25 captured: jynxzi +150% (funny) [CLIP-WORTHY]
[moments] #26 captured: jeens +59% (funny)
[moments] #27 captured: nostoro +94% (funny)
[moments] #28 captured: tenzinniznet +119% (neutral)
[moments] #29 captured: fontinnelerj +49% (neutral)
[moments] #30 captured: revenant +54% (funny)
[moments] #31 captured: trebor +65% (awkward)
[moments] #32 captured: goodtimeswithscar +79% (neutral)
[moments] #33 captured: xarola_ +147% (neutral)
[moments] #34 captured: ewroon +41% (neutral)
[moments] #35 captured: giggand +58% (funny)
[moments] #36 captured: chawndo +97% (neutral)
[moments] #37 captured: kappahhh20 +42% (neutral)
[moments] #38 captured: agustin51 +41% (neutral)
[moments] #39 captured: alanzoka +96% (neutral)
[moments] #40 captured: anomaly +71% (hype)
[moments] #41 captured: knekro +45% (funny)
[moments] #42 captured: shahinouest +257% (hype)
[moments] #43 captured: lewislefou +257% (hype)
[moments] #44 captured: charliewinans +115% (win)
[moments] #45 captured: elxokas +48% (funny)
[moments] #46 captured: koma +264% (neutral)
[moments] #47 captured: daddydimmutv +106% (neutral)
[moments] #48 captured: extraemily +105% (hype)
[moments] #49 captured: thetremba +44% (neutral)
[moments] #50 captured: domingo +94% (funny)
[moments] #51 captured: nagzz +45% (hype)
[moments] #52 captured: tommykaylive +173% (funny)
[moments] #53 captured: dgthe99 +57% (win)
[moments] #54 captured: shadowza +73% (awkward)
[moments] #55 captured: tdvr_gaming +211% (neutral)
[moments] #56 captured: anujbost +85% (funny)
[moments] #57 captured: dawgonosik +74% (neutral)
[moments] #58 captured: orslok +100% (funny)
[moments] #59 captured: lucypyre +128% (neutral)
[moments] #60 captured: fiireh +104% (hype)
[moments] #61 captured: qbaxa +94% (neutral)
[moments] #62 captured: cooksux +114% (hype)
[moments] #63 captured: gabepeixe +127% (neutral)
[moments] #64 captured: youngmulti +40% (hype)
[moments] #65 captured: lacy +52% (awkward) [CLIP-WORTHY]
[moments] #66 captured: snowcone +195% (neutral)
[moments] #67 captured: starletnova +311% (neutral)
[moments] #68 captured: bugalalla +40% (funny)
[moments] #69 captured: en3rix_ +67% (funny)
[moments] #70 captured: mooda +41% (funny)
[moments] #71 captured: ekatze007 +340% (neutral)
[moments] #72 captured: mary_day +428% (neutral)
[moments] #73 captured: frivvifox +66% (funny)
[moments] #74 captured: evaboreale +89% (awkward)
[moments] #75 captured: ihybool +129% (win)
[moments] #76 captured: kingchris287 +232% (neutral)
[moments] #77 captured: sardaco +133% (neutral)
